{"C:\\Users\\memor\\OneDrive\\NHITW_preop_checker_2\\NHITW_preop_checker_2\\src\\content\\rules.js": {"path":"C:\\Users\\memor\\OneDrive\\NHITW_preop_checker_2\\NHITW_preop_checker_2\\src\\content\\rules.js","statementMap":{"0":{"start":{"line":1,"column":29},"end":{"line":53,"column":1}}},"fnMap":{},"branchMap":{},"s":{"0":2},"f":{},"b":{},"meta":{"lastBranch":0,"lastFunction":0,"lastStatement":1,"seen":{"s:1:29:53:1":0}}}
,"C:\\Users\\memor\\OneDrive\\NHITW_preop_checker_2\\NHITW_preop_checker_2\\src\\content\\utils.js": {"path":"C:\\Users\\memor\\OneDrive\\NHITW_preop_checker_2\\NHITW_preop_checker_2\\src\\content\\utils.js","statementMap":{"0":{"start":{"line":4,"column":2},"end":{"line":4,"column":null}},"1":{"start":{"line":4,"column":19},"end":{"line":4,"column":null}},"2":{"start":{"line":5,"column":16},"end":{"line":5,"column":37}},"3":{"start":{"line":6,"column":2},"end":{"line":6,"column":null}},"4":{"start":{"line":6,"column":26},"end":{"line":6,"column":null}},"5":{"start":{"line":7,"column":15},"end":{"line":7,"column":44}},"6":{"start":{"line":8,"column":16},"end":{"line":8,"column":42}},"7":{"start":{"line":9,"column":14},"end":{"line":9,"column":36}},"8":{"start":{"line":11,"column":27},"end":{"line":11,"column":53}},"9":{"start":{"line":12,"column":16},"end":{"line":12,"column":26}},"10":{"start":{"line":14,"column":19},"end":{"line":14,"column":53}},"11":{"start":{"line":15,"column":19},"end":{"line":15,"column":62}},"12":{"start":{"line":17,"column":2},"end":{"line":17,"column":null}},"13":{"start":{"line":21,"column":19},"end":{"line":21,"column":65}},"14":{"start":{"line":22,"column":18},"end":{"line":22,"column":54}},"15":{"start":{"line":23,"column":18},"end":{"line":23,"column":60}},"16":{"start":{"line":25,"column":2},"end":{"line":39,"column":null}},"17":{"start":{"line":26,"column":4},"end":{"line":31,"column":null}},"18":{"start":{"line":27,"column":6},"end":{"line":29,"column":null}},"19":{"start":{"line":28,"column":8},"end":{"line":28,"column":null}},"20":{"start":{"line":30,"column":6},"end":{"line":30,"column":null}},"21":{"start":{"line":33,"column":4},"end":{"line":35,"column":null}},"22":{"start":{"line":34,"column":6},"end":{"line":34,"column":null}},"23":{"start":{"line":36,"column":4},"end":{"line":38,"column":null}},"24":{"start":{"line":37,"column":6},"end":{"line":37,"column":null}},"25":{"start":{"line":41,"column":2},"end":{"line":43,"column":null}},"26":{"start":{"line":42,"column":4},"end":{"line":42,"column":null}},"27":{"start":{"line":45,"column":2},"end":{"line":47,"column":null}},"28":{"start":{"line":46,"column":4},"end":{"line":46,"column":null}},"29":{"start":{"line":49,"column":2},"end":{"line":49,"column":null}},"30":{"start":{"line":53,"column":13},"end":{"line":53,"column":15}},"31":{"start":{"line":54,"column":11},"end":{"line":54,"column":13}},"32":{"start":{"line":56,"column":17},"end":{"line":56,"column":61}},"33":{"start":{"line":57,"column":2},"end":{"line":57,"column":null}},"34":{"start":{"line":57,"column":14},"end":{"line":57,"column":null}},"35":{"start":{"line":59,"column":15},"end":{"line":59,"column":59}},"36":{"start":{"line":60,"column":2},"end":{"line":68,"column":null}},"37":{"start":{"line":61,"column":21},"end":{"line":61,"column":44}},"38":{"start":{"line":62,"column":18},"end":{"line":62,"column":57}},"39":{"start":{"line":63,"column":4},"end":{"line":67,"column":null}},"40":{"start":{"line":64,"column":6},"end":{"line":64,"column":null}},"41":{"start":{"line":66,"column":6},"end":{"line":66,"column":null}},"42":{"start":{"line":70,"column":2},"end":{"line":73,"column":null}},"43":{"start":{"line":71,"column":25},"end":{"line":71,"column":67}},"44":{"start":{"line":72,"column":4},"end":{"line":72,"column":null}},"45":{"start":{"line":72,"column":22},"end":{"line":72,"column":null}},"46":{"start":{"line":75,"column":2},"end":{"line":75,"column":null}},"47":{"start":{"line":75,"column":13},"end":{"line":75,"column":null}},"48":{"start":{"line":76,"column":2},"end":{"line":76,"column":null}},"49":{"start":{"line":76,"column":11},"end":{"line":76,"column":null}},"50":{"start":{"line":78,"column":17},"end":{"line":78,"column":21}},"51":{"start":{"line":79,"column":2},"end":{"line":85,"column":null}},"52":{"start":{"line":80,"column":4},"end":{"line":84,"column":null}},"53":{"start":{"line":81,"column":6},"end":{"line":81,"column":null}},"54":{"start":{"line":83,"column":6},"end":{"line":83,"column":null}},"55":{"start":{"line":87,"column":15},"end":{"line":87,"column":17}},"56":{"start":{"line":88,"column":2},"end":{"line":90,"column":null}},"57":{"start":{"line":89,"column":4},"end":{"line":89,"column":null}},"58":{"start":{"line":92,"column":2},"end":{"line":92,"column":null}}},"fnMap":{"0":{"name":"isWithin3Months","decl":{"start":{"line":3,"column":16},"end":{"line":3,"column":31}},"loc":{"start":{"line":3,"column":44},"end":{"line":18,"column":null}},"line":3},"1":{"name":"matchAlert","decl":{"start":{"line":20,"column":16},"end":{"line":20,"column":26}},"loc":{"start":{"line":20,"column":62},"end":{"line":50,"column":null}},"line":20},"2":{"name":"getAnonymizedPatientInfo","decl":{"start":{"line":52,"column":16},"end":{"line":52,"column":40}},"loc":{"start":{"line":52,"column":43},"end":{"line":93,"column":null}},"line":52}},"branchMap":{"0":{"loc":{"start":{"line":4,"column":2},"end":{"line":4,"column":null}},"type":"if","locations":[{"start":{"line":4,"column":2},"end":{"line":4,"column":null}},{"start":{},"end":{}}],"line":4},"1":{"loc":{"start":{"line":6,"column":2},"end":{"line":6,"column":null}},"type":"if","locations":[{"start":{"line":6,"column":2},"end":{"line":6,"column":null}},{"start":{},"end":{}}],"line":6},"2":{"loc":{"start":{"line":21,"column":19},"end":{"line":21,"column":65}},"type":"cond-expr","locations":[{"start":{"line":21,"column":34},"end":{"line":21,"column":60}},{"start":{"line":21,"column":63},"end":{"line":21,"column":65}}],"line":21},"3":{"loc":{"start":{"line":22,"column":18},"end":{"line":22,"column":54}},"type":"cond-expr","locations":[{"start":{"line":22,"column":28},"end":{"line":22,"column":49}},{"start":{"line":22,"column":52},"end":{"line":22,"column":54}}],"line":22},"4":{"loc":{"start":{"line":23,"column":18},"end":{"line":23,"column":60}},"type":"cond-expr","locations":[{"start":{"line":23,"column":31},"end":{"line":23,"column":55}},{"start":{"line":23,"column":58},"end":{"line":23,"column":60}}],"line":23},"5":{"loc":{"start":{"line":26,"column":4},"end":{"line":31,"column":null}},"type":"if","locations":[{"start":{"line":26,"column":4},"end":{"line":31,"column":null}},{"start":{},"end":{}}],"line":26},"6":{"loc":{"start":{"line":27,"column":6},"end":{"line":29,"column":null}},"type":"if","locations":[{"start":{"line":27,"column":6},"end":{"line":29,"column":null}},{"start":{},"end":{}}],"line":27},"7":{"loc":{"start":{"line":27,"column":10},"end":{"line":27,"column":69}},"type":"binary-expr","locations":[{"start":{"line":27,"column":10},"end":{"line":27,"column":35}},{"start":{"line":27,"column":39},"end":{"line":27,"column":69}}],"line":27},"8":{"loc":{"start":{"line":33,"column":4},"end":{"line":35,"column":null}},"type":"if","locations":[{"start":{"line":33,"column":4},"end":{"line":35,"column":null}},{"start":{},"end":{}}],"line":33},"9":{"loc":{"start":{"line":36,"column":4},"end":{"line":38,"column":null}},"type":"if","locations":[{"start":{"line":36,"column":4},"end":{"line":38,"column":null}},{"start":{},"end":{}}],"line":36},"10":{"loc":{"start":{"line":36,"column":8},"end":{"line":36,"column":50}},"type":"binary-expr","locations":[{"start":{"line":36,"column":8},"end":{"line":36,"column":17}},{"start":{"line":36,"column":21},"end":{"line":36,"column":50}}],"line":36},"11":{"loc":{"start":{"line":41,"column":2},"end":{"line":43,"column":null}},"type":"if","locations":[{"start":{"line":41,"column":2},"end":{"line":43,"column":null}},{"start":{},"end":{}}],"line":41},"12":{"loc":{"start":{"line":41,"column":6},"end":{"line":41,"column":66}},"type":"binary-expr","locations":[{"start":{"line":41,"column":6},"end":{"line":41,"column":33}},{"start":{"line":41,"column":37},"end":{"line":41,"column":66}}],"line":41},"13":{"loc":{"start":{"line":42,"column":38},"end":{"line":42,"column":56}},"type":"binary-expr","locations":[{"start":{"line":42,"column":38},"end":{"line":42,"column":45}},{"start":{"line":42,"column":49},"end":{"line":42,"column":56}}],"line":42},"14":{"loc":{"start":{"line":45,"column":2},"end":{"line":47,"column":null}},"type":"if","locations":[{"start":{"line":45,"column":2},"end":{"line":47,"column":null}},{"start":{},"end":{}}],"line":45},"15":{"loc":{"start":{"line":45,"column":6},"end":{"line":45,"column":102}},"type":"binary-expr","locations":[{"start":{"line":45,"column":6},"end":{"line":45,"column":35}},{"start":{"line":45,"column":39},"end":{"line":45,"column":68}},{"start":{"line":45,"column":72},"end":{"line":45,"column":102}}],"line":45},"16":{"loc":{"start":{"line":46,"column":38},"end":{"line":46,"column":60}},"type":"binary-expr","locations":[{"start":{"line":46,"column":38},"end":{"line":46,"column":45}},{"start":{"line":46,"column":49},"end":{"line":46,"column":60}}],"line":46},"17":{"loc":{"start":{"line":57,"column":2},"end":{"line":57,"column":null}},"type":"if","locations":[{"start":{"line":57,"column":2},"end":{"line":57,"column":null}},{"start":{},"end":{}}],"line":57},"18":{"loc":{"start":{"line":60,"column":2},"end":{"line":68,"column":null}},"type":"if","locations":[{"start":{"line":60,"column":2},"end":{"line":68,"column":null}},{"start":{},"end":{}}],"line":60},"19":{"loc":{"start":{"line":63,"column":4},"end":{"line":67,"column":null}},"type":"if","locations":[{"start":{"line":63,"column":4},"end":{"line":67,"column":null}},{"start":{"line":65,"column":11},"end":{"line":67,"column":null}}],"line":63},"20":{"loc":{"start":{"line":70,"column":2},"end":{"line":73,"column":null}},"type":"if","locations":[{"start":{"line":70,"column":2},"end":{"line":73,"column":null}},{"start":{},"end":{}}],"line":70},"21":{"loc":{"start":{"line":72,"column":4},"end":{"line":72,"column":null}},"type":"if","locations":[{"start":{"line":72,"column":4},"end":{"line":72,"column":null}},{"start":{},"end":{}}],"line":72},"22":{"loc":{"start":{"line":75,"column":2},"end":{"line":75,"column":null}},"type":"if","locations":[{"start":{"line":75,"column":2},"end":{"line":75,"column":null}},{"start":{},"end":{}}],"line":75},"23":{"loc":{"start":{"line":76,"column":2},"end":{"line":76,"column":null}},"type":"if","locations":[{"start":{"line":76,"column":2},"end":{"line":76,"column":null}},{"start":{},"end":{}}],"line":76},"24":{"loc":{"start":{"line":79,"column":2},"end":{"line":85,"column":null}},"type":"if","locations":[{"start":{"line":79,"column":2},"end":{"line":85,"column":null}},{"start":{},"end":{}}],"line":79},"25":{"loc":{"start":{"line":79,"column":6},"end":{"line":79,"column":68}},"type":"binary-expr","locations":[{"start":{"line":79,"column":6},"end":{"line":79,"column":22}},{"start":{"line":79,"column":26},"end":{"line":79,"column":45}},{"start":{"line":79,"column":49},"end":{"line":79,"column":68}}],"line":79},"26":{"loc":{"start":{"line":80,"column":4},"end":{"line":84,"column":null}},"type":"if","locations":[{"start":{"line":80,"column":4},"end":{"line":84,"column":null}},{"start":{"line":82,"column":11},"end":{"line":84,"column":null}}],"line":80},"27":{"loc":{"start":{"line":88,"column":2},"end":{"line":90,"column":null}},"type":"if","locations":[{"start":{"line":88,"column":2},"end":{"line":90,"column":null}},{"start":{},"end":{}}],"line":88},"28":{"loc":{"start":{"line":88,"column":6},"end":{"line":88,"column":43}},"type":"binary-expr","locations":[{"start":{"line":88,"column":6},"end":{"line":88,"column":22}},{"start":{"line":88,"column":26},"end":{"line":88,"column":43}}],"line":88}},"s":{"0":4,"1":1,"2":3,"3":3,"4":1,"5":2,"6":2,"7":2,"8":2,"9":2,"10":2,"11":2,"12":2,"13":6,"14":6,"15":6,"16":6,"17":148,"18":4,"19":1,"20":3,"21":144,"22":2,"23":142,"24":0,"25":3,"26":1,"27":2,"28":1,"29":1,"30":5,"31":5,"32":5,"33":5,"34":5,"35":5,"36":5,"37":4,"38":4,"39":4,"40":4,"41":0,"42":5,"43":0,"44":0,"45":0,"46":5,"47":0,"48":5,"49":1,"50":5,"51":5,"52":4,"53":1,"54":3,"55":5,"56":5,"57":3,"58":5},"f":{"0":4,"1":6,"2":5},"b":{"0":[1,3],"1":[1,2],"2":[6,0],"3":[4,2],"4":[4,2],"5":[4,144],"6":[1,3],"7":[4,4],"8":[2,142],"9":[0,142],"10":[142,142],"11":[1,2],"12":[3,2],"13":[1,0],"14":[1,1],"15":[2,1,1],"16":[1,0],"17":[5,0],"18":[4,1],"19":[4,0],"20":[0,5],"21":[0,0],"22":[0,5],"23":[1,4],"24":[4,1],"25":[5,5,4],"26":[1,3],"27":[3,2],"28":[5,5]},"meta":{"lastBranch":29,"lastFunction":3,"lastStatement":59,"seen":{"f:3:16:3:31":0,"b:4:2:4:Infinity:undefined:undefined:undefined:undefined":0,"s:4:2:4:Infinity":0,"s:4:19:4:Infinity":1,"s:5:16:5:37":2,"b:6:2:6:Infinity:undefined:undefined:undefined:undefined":1,"s:6:2:6:Infinity":3,"s:6:26:6:Infinity":4,"s:7:15:7:44":5,"s:8:16:8:42":6,"s:9:14:9:36":7,"s:11:27:11:53":8,"s:12:16:12:26":9,"s:14:19:14:53":10,"s:15:19:15:62":11,"s:17:2:17:Infinity":12,"f:20:16:20:26":1,"s:21:19:21:65":13,"b:21:34:21:60:21:63:21:65":2,"s:22:18:22:54":14,"b:22:28:22:49:22:52:22:54":3,"s:23:18:23:60":15,"b:23:31:23:55:23:58:23:60":4,"s:25:2:39:Infinity":16,"b:26:4:31:Infinity:undefined:undefined:undefined:undefined":5,"s:26:4:31:Infinity":17,"b:27:6:29:Infinity:undefined:undefined:undefined:undefined":6,"s:27:6:29:Infinity":18,"b:27:10:27:35:27:39:27:69":7,"s:28:8:28:Infinity":19,"s:30:6:30:Infinity":20,"b:33:4:35:Infinity:undefined:undefined:undefined:undefined":8,"s:33:4:35:Infinity":21,"s:34:6:34:Infinity":22,"b:36:4:38:Infinity:undefined:undefined:undefined:undefined":9,"s:36:4:38:Infinity":23,"b:36:8:36:17:36:21:36:50":10,"s:37:6:37:Infinity":24,"b:41:2:43:Infinity:undefined:undefined:undefined:undefined":11,"s:41:2:43:Infinity":25,"b:41:6:41:33:41:37:41:66":12,"s:42:4:42:Infinity":26,"b:42:38:42:45:42:49:42:56":13,"b:45:2:47:Infinity:undefined:undefined:undefined:undefined":14,"s:45:2:47:Infinity":27,"b:45:6:45:35:45:39:45:68:45:72:45:102":15,"s:46:4:46:Infinity":28,"b:46:38:46:45:46:49:46:60":16,"s:49:2:49:Infinity":29,"f:52:16:52:40":2,"s:53:13:53:15":30,"s:54:11:54:13":31,"s:56:17:56:61":32,"b:57:2:57:Infinity:undefined:undefined:undefined:undefined":17,"s:57:2:57:Infinity":33,"s:57:14:57:Infinity":34,"s:59:15:59:59":35,"b:60:2:68:Infinity:undefined:undefined:undefined:undefined":18,"s:60:2:68:Infinity":36,"s:61:21:61:44":37,"s:62:18:62:57":38,"b:63:4:67:Infinity:65:11:67:Infinity":19,"s:63:4:67:Infinity":39,"s:64:6:64:Infinity":40,"s:66:6:66:Infinity":41,"b:70:2:73:Infinity:undefined:undefined:undefined:undefined":20,"s:70:2:73:Infinity":42,"s:71:25:71:67":43,"b:72:4:72:Infinity:undefined:undefined:undefined:undefined":21,"s:72:4:72:Infinity":44,"s:72:22:72:Infinity":45,"b:75:2:75:Infinity:undefined:undefined:undefined:undefined":22,"s:75:2:75:Infinity":46,"s:75:13:75:Infinity":47,"b:76:2:76:Infinity:undefined:undefined:undefined:undefined":23,"s:76:2:76:Infinity":48,"s:76:11:76:Infinity":49,"s:78:17:78:21":50,"b:79:2:85:Infinity:undefined:undefined:undefined:undefined":24,"s:79:2:85:Infinity":51,"b:79:6:79:22:79:26:79:45:79:49:79:68":25,"b:80:4:84:Infinity:82:11:84:Infinity":26,"s:80:4:84:Infinity":52,"s:81:6:81:Infinity":53,"s:83:6:83:Infinity":54,"s:87:15:87:17":55,"b:88:2:90:Infinity:undefined:undefined:undefined:undefined":27,"s:88:2:90:Infinity":56,"b:88:6:88:22:88:26:88:43":28,"s:89:4:89:Infinity":57,"s:92:2:92:Infinity":58}}}
}
